The system is: Darwin - 12.4.0 - i386
Compiling the C compiler identification source file "CMakeCCompilerId.c" succeeded.
Compiler: /usr/bin/cc 
Build flags: 
Id flags: 

The output was:
0


Compilation of the C compiler identification source "CMakeCCompilerId.c" produced "a.out"

The C compiler identification is Clang, found in "/Users/theinemann/private/NRPSDesigner/NRPS library/build/CMakeFiles/2.8.11.2/CompilerIdC/a.out"

Compiling the CXX compiler identification source file "CMakeCXXCompilerId.cpp" succeeded.
Compiler: /usr/bin/c++ 
Build flags: 
Id flags: 

The output was:
0


Compilation of the CXX compiler identification source "CMakeCXXCompilerId.cpp" produced "a.out"

The CXX compiler identification is Clang, found in "/Users/theinemann/private/NRPSDesigner/NRPS library/build/CMakeFiles/2.8.11.2/CompilerIdCXX/a.out"

Determining if the C compiler works passed with the following output:
Change Dir: /Users/theinemann/private/NRPSDesigner/NRPS library/build/CMakeFiles/CMakeTmp

Run Build Command:/usr/bin/make "cmTryCompileExec4174040964/fast"
/usr/bin/make -f CMakeFiles/cmTryCompileExec4174040964.dir/build.make CMakeFiles/cmTryCompileExec4174040964.dir/build
"/Applications/CMake 2.8-11.app/Contents/bin/cmake" -E cmake_progress_report "/Users/theinemann/private/NRPSDesigner/NRPS library/build/CMakeFiles/CMakeTmp/CMakeFiles" 1
Building C object CMakeFiles/cmTryCompileExec4174040964.dir/testCCompiler.c.o
/usr/bin/cc    -o CMakeFiles/cmTryCompileExec4174040964.dir/testCCompiler.c.o   -c "/Users/theinemann/private/NRPSDesigner/NRPS library/build/CMakeFiles/CMakeTmp/testCCompiler.c"
Linking C executable cmTryCompileExec4174040964
"/Applications/CMake 2.8-11.app/Contents/bin/cmake" -E cmake_link_script CMakeFiles/cmTryCompileExec4174040964.dir/link.txt --verbose=1
/usr/bin/cc      -Wl,-search_paths_first -Wl,-headerpad_max_install_names   CMakeFiles/cmTryCompileExec4174040964.dir/testCCompiler.c.o  -o cmTryCompileExec4174040964  


Detecting C compiler ABI info compiled with the following output:
Change Dir: /Users/theinemann/private/NRPSDesigner/NRPS library/build/CMakeFiles/CMakeTmp

Run Build Command:/usr/bin/make "cmTryCompileExec2495250081/fast"
/usr/bin/make -f CMakeFiles/cmTryCompileExec2495250081.dir/build.make CMakeFiles/cmTryCompileExec2495250081.dir/build
"/Applications/CMake 2.8-11.app/Contents/bin/cmake" -E cmake_progress_report "/Users/theinemann/private/NRPSDesigner/NRPS library/build/CMakeFiles/CMakeTmp/CMakeFiles" 1
Building C object CMakeFiles/cmTryCompileExec2495250081.dir/CMakeCCompilerABI.c.o
/usr/bin/cc    -o CMakeFiles/cmTryCompileExec2495250081.dir/CMakeCCompilerABI.c.o   -c "/Applications/CMake 2.8-11.app/Contents/share/cmake-2.8/Modules/CMakeCCompilerABI.c"
Linking C executable cmTryCompileExec2495250081
"/Applications/CMake 2.8-11.app/Contents/bin/cmake" -E cmake_link_script CMakeFiles/cmTryCompileExec2495250081.dir/link.txt --verbose=1
/usr/bin/cc      -Wl,-search_paths_first -Wl,-headerpad_max_install_names -v -Wl,-v CMakeFiles/cmTryCompileExec2495250081.dir/CMakeCCompilerABI.c.o  -o cmTryCompileExec2495250081   
Apple LLVM version 4.2 (clang-425.0.28) (based on LLVM 3.2svn)
Target: x86_64-apple-darwin12.4.0
Thread model: posix
 "/usr/bin/ld" -demangle -dynamic -arch x86_64 -macosx_version_min 10.8.0 -o cmTryCompileExec2495250081 -search_paths_first -headerpad_max_install_names -v CMakeFiles/cmTryCompileExec2495250081.dir/CMakeCCompilerABI.c.o -lSystem /usr/bin/../lib/clang/4.2/lib/darwin/libclang_rt.osx.a
@(#)PROGRAM:ld  PROJECT:ld64-136
configured to support archs: armv6 armv7 armv7s i386 x86_64
Library search paths:
	/usr/lib
	/usr/local/lib
Framework search paths:
	/Library/Frameworks/
	/System/Library/Frameworks/


Parsed C implicit link information from above output:
  link line regex: [^( *|.*[/\])(ld|ld|collect2)[^/\]*( |$)]
  ignore line: [Change Dir: /Users/theinemann/private/NRPSDesigner/NRPS library/build/CMakeFiles/CMakeTmp]
  ignore line: []
  ignore line: [Run Build Command:/usr/bin/make "cmTryCompileExec2495250081/fast"]
  ignore line: [/usr/bin/make -f CMakeFiles/cmTryCompileExec2495250081.dir/build.make CMakeFiles/cmTryCompileExec2495250081.dir/build]
  ignore line: ["/Applications/CMake 2.8-11.app/Contents/bin/cmake" -E cmake_progress_report "/Users/theinemann/private/NRPSDesigner/NRPS library/build/CMakeFiles/CMakeTmp/CMakeFiles" 1]
  ignore line: [Building C object CMakeFiles/cmTryCompileExec2495250081.dir/CMakeCCompilerABI.c.o]
  ignore line: [/usr/bin/cc    -o CMakeFiles/cmTryCompileExec2495250081.dir/CMakeCCompilerABI.c.o   -c "/Applications/CMake 2.8-11.app/Contents/share/cmake-2.8/Modules/CMakeCCompilerABI.c"]
  ignore line: [Linking C executable cmTryCompileExec2495250081]
  ignore line: ["/Applications/CMake 2.8-11.app/Contents/bin/cmake" -E cmake_link_script CMakeFiles/cmTryCompileExec2495250081.dir/link.txt --verbose=1]
  ignore line: [/usr/bin/cc      -Wl,-search_paths_first -Wl,-headerpad_max_install_names -v -Wl,-v CMakeFiles/cmTryCompileExec2495250081.dir/CMakeCCompilerABI.c.o  -o cmTryCompileExec2495250081   ]
  ignore line: [Apple LLVM version 4.2 (clang-425.0.28) (based on LLVM 3.2svn)]
  ignore line: [Target: x86_64-apple-darwin12.4.0]
  ignore line: [Thread model: posix]
  link line: [ "/usr/bin/ld" -demangle -dynamic -arch x86_64 -macosx_version_min 10.8.0 -o cmTryCompileExec2495250081 -search_paths_first -headerpad_max_install_names -v CMakeFiles/cmTryCompileExec2495250081.dir/CMakeCCompilerABI.c.o -lSystem /usr/bin/../lib/clang/4.2/lib/darwin/libclang_rt.osx.a]
    arg [/usr/bin/ld] ==> ignore
    arg [-demangle] ==> ignore
    arg [-dynamic] ==> ignore
    arg [-arch] ==> ignore
    arg [x86_64] ==> ignore
    arg [-macosx_version_min] ==> ignore
    arg [10.8.0] ==> ignore
    arg [-o] ==> ignore
    arg [cmTryCompileExec2495250081] ==> ignore
    arg [-search_paths_first] ==> ignore
    arg [-headerpad_max_install_names] ==> ignore
    arg [-v] ==> ignore
    arg [CMakeFiles/cmTryCompileExec2495250081.dir/CMakeCCompilerABI.c.o] ==> ignore
    arg [-lSystem] ==> lib [System]
    arg [/usr/bin/../lib/clang/4.2/lib/darwin/libclang_rt.osx.a] ==> lib [/usr/bin/../lib/clang/4.2/lib/darwin/libclang_rt.osx.a]
  Library search paths: [;/usr/lib;/usr/local/lib]
  Framework search paths: [;/Library/Frameworks/;/System/Library/Frameworks/]
  remove lib [System]
  collapse lib [/usr/bin/../lib/clang/4.2/lib/darwin/libclang_rt.osx.a] ==> [/usr/lib/clang/4.2/lib/darwin/libclang_rt.osx.a]
  collapse library dir [/usr/lib] ==> [/usr/lib]
  collapse library dir [/usr/local/lib] ==> [/usr/local/lib]
  collapse framework dir [/Library/Frameworks/] ==> [/Library/Frameworks]
  collapse framework dir [/System/Library/Frameworks/] ==> [/System/Library/Frameworks]
  implicit libs: [/usr/lib/clang/4.2/lib/darwin/libclang_rt.osx.a]
  implicit dirs: [/usr/lib;/usr/local/lib]
  implicit fwks: [/Library/Frameworks;/System/Library/Frameworks]


Determining if the CXX compiler works passed with the following output:
Change Dir: /Users/theinemann/private/NRPSDesigner/NRPS library/build/CMakeFiles/CMakeTmp

Run Build Command:/usr/bin/make "cmTryCompileExec1892614094/fast"
/usr/bin/make -f CMakeFiles/cmTryCompileExec1892614094.dir/build.make CMakeFiles/cmTryCompileExec1892614094.dir/build
"/Applications/CMake 2.8-11.app/Contents/bin/cmake" -E cmake_progress_report "/Users/theinemann/private/NRPSDesigner/NRPS library/build/CMakeFiles/CMakeTmp/CMakeFiles" 1
Building CXX object CMakeFiles/cmTryCompileExec1892614094.dir/testCXXCompiler.cxx.o
/usr/bin/c++     -o CMakeFiles/cmTryCompileExec1892614094.dir/testCXXCompiler.cxx.o -c "/Users/theinemann/private/NRPSDesigner/NRPS library/build/CMakeFiles/CMakeTmp/testCXXCompiler.cxx"
Linking CXX executable cmTryCompileExec1892614094
"/Applications/CMake 2.8-11.app/Contents/bin/cmake" -E cmake_link_script CMakeFiles/cmTryCompileExec1892614094.dir/link.txt --verbose=1
/usr/bin/c++       -Wl,-search_paths_first -Wl,-headerpad_max_install_names   CMakeFiles/cmTryCompileExec1892614094.dir/testCXXCompiler.cxx.o  -o cmTryCompileExec1892614094  


Detecting CXX compiler ABI info compiled with the following output:
Change Dir: /Users/theinemann/private/NRPSDesigner/NRPS library/build/CMakeFiles/CMakeTmp

Run Build Command:/usr/bin/make "cmTryCompileExec2428643295/fast"
/usr/bin/make -f CMakeFiles/cmTryCompileExec2428643295.dir/build.make CMakeFiles/cmTryCompileExec2428643295.dir/build
"/Applications/CMake 2.8-11.app/Contents/bin/cmake" -E cmake_progress_report "/Users/theinemann/private/NRPSDesigner/NRPS library/build/CMakeFiles/CMakeTmp/CMakeFiles" 1
Building CXX object CMakeFiles/cmTryCompileExec2428643295.dir/CMakeCXXCompilerABI.cpp.o
/usr/bin/c++     -o CMakeFiles/cmTryCompileExec2428643295.dir/CMakeCXXCompilerABI.cpp.o -c "/Applications/CMake 2.8-11.app/Contents/share/cmake-2.8/Modules/CMakeCXXCompilerABI.cpp"
Linking CXX executable cmTryCompileExec2428643295
"/Applications/CMake 2.8-11.app/Contents/bin/cmake" -E cmake_link_script CMakeFiles/cmTryCompileExec2428643295.dir/link.txt --verbose=1
/usr/bin/c++       -Wl,-search_paths_first -Wl,-headerpad_max_install_names -v -Wl,-v CMakeFiles/cmTryCompileExec2428643295.dir/CMakeCXXCompilerABI.cpp.o  -o cmTryCompileExec2428643295   
Apple LLVM version 4.2 (clang-425.0.28) (based on LLVM 3.2svn)
Target: x86_64-apple-darwin12.4.0
Thread model: posix
 "/usr/bin/ld" -demangle -dynamic -arch x86_64 -macosx_version_min 10.8.0 -o cmTryCompileExec2428643295 -search_paths_first -headerpad_max_install_names -v CMakeFiles/cmTryCompileExec2428643295.dir/CMakeCXXCompilerABI.cpp.o -lstdc++ -lSystem /usr/bin/../lib/clang/4.2/lib/darwin/libclang_rt.osx.a
@(#)PROGRAM:ld  PROJECT:ld64-136
configured to support archs: armv6 armv7 armv7s i386 x86_64
Library search paths:
	/usr/lib
	/usr/local/lib
Framework search paths:
	/Library/Frameworks/
	/System/Library/Frameworks/


Parsed CXX implicit link information from above output:
  link line regex: [^( *|.*[/\])(ld|ld|collect2)[^/\]*( |$)]
  ignore line: [Change Dir: /Users/theinemann/private/NRPSDesigner/NRPS library/build/CMakeFiles/CMakeTmp]
  ignore line: []
  ignore line: [Run Build Command:/usr/bin/make "cmTryCompileExec2428643295/fast"]
  ignore line: [/usr/bin/make -f CMakeFiles/cmTryCompileExec2428643295.dir/build.make CMakeFiles/cmTryCompileExec2428643295.dir/build]
  ignore line: ["/Applications/CMake 2.8-11.app/Contents/bin/cmake" -E cmake_progress_report "/Users/theinemann/private/NRPSDesigner/NRPS library/build/CMakeFiles/CMakeTmp/CMakeFiles" 1]
  ignore line: [Building CXX object CMakeFiles/cmTryCompileExec2428643295.dir/CMakeCXXCompilerABI.cpp.o]
  ignore line: [/usr/bin/c++     -o CMakeFiles/cmTryCompileExec2428643295.dir/CMakeCXXCompilerABI.cpp.o -c "/Applications/CMake 2.8-11.app/Contents/share/cmake-2.8/Modules/CMakeCXXCompilerABI.cpp"]
  ignore line: [Linking CXX executable cmTryCompileExec2428643295]
  ignore line: ["/Applications/CMake 2.8-11.app/Contents/bin/cmake" -E cmake_link_script CMakeFiles/cmTryCompileExec2428643295.dir/link.txt --verbose=1]
  ignore line: [/usr/bin/c++       -Wl,-search_paths_first -Wl,-headerpad_max_install_names -v -Wl,-v CMakeFiles/cmTryCompileExec2428643295.dir/CMakeCXXCompilerABI.cpp.o  -o cmTryCompileExec2428643295   ]
  ignore line: [Apple LLVM version 4.2 (clang-425.0.28) (based on LLVM 3.2svn)]
  ignore line: [Target: x86_64-apple-darwin12.4.0]
  ignore line: [Thread model: posix]
  link line: [ "/usr/bin/ld" -demangle -dynamic -arch x86_64 -macosx_version_min 10.8.0 -o cmTryCompileExec2428643295 -search_paths_first -headerpad_max_install_names -v CMakeFiles/cmTryCompileExec2428643295.dir/CMakeCXXCompilerABI.cpp.o -lstdc++ -lSystem /usr/bin/../lib/clang/4.2/lib/darwin/libclang_rt.osx.a]
    arg [/usr/bin/ld] ==> ignore
    arg [-demangle] ==> ignore
    arg [-dynamic] ==> ignore
    arg [-arch] ==> ignore
    arg [x86_64] ==> ignore
    arg [-macosx_version_min] ==> ignore
    arg [10.8.0] ==> ignore
    arg [-o] ==> ignore
    arg [cmTryCompileExec2428643295] ==> ignore
    arg [-search_paths_first] ==> ignore
    arg [-headerpad_max_install_names] ==> ignore
    arg [-v] ==> ignore
    arg [CMakeFiles/cmTryCompileExec2428643295.dir/CMakeCXXCompilerABI.cpp.o] ==> ignore
    arg [-lstdc++] ==> lib [stdc++]
    arg [-lSystem] ==> lib [System]
    arg [/usr/bin/../lib/clang/4.2/lib/darwin/libclang_rt.osx.a] ==> lib [/usr/bin/../lib/clang/4.2/lib/darwin/libclang_rt.osx.a]
  Library search paths: [;/usr/lib;/usr/local/lib]
  Framework search paths: [;/Library/Frameworks/;/System/Library/Frameworks/]
  remove lib [System]
  collapse lib [/usr/bin/../lib/clang/4.2/lib/darwin/libclang_rt.osx.a] ==> [/usr/lib/clang/4.2/lib/darwin/libclang_rt.osx.a]
  collapse library dir [/usr/lib] ==> [/usr/lib]
  collapse library dir [/usr/local/lib] ==> [/usr/local/lib]
  collapse framework dir [/Library/Frameworks/] ==> [/Library/Frameworks]
  collapse framework dir [/System/Library/Frameworks/] ==> [/System/Library/Frameworks]
  implicit libs: [stdc++;/usr/lib/clang/4.2/lib/darwin/libclang_rt.osx.a]
  implicit dirs: [/usr/lib;/usr/local/lib]
  implicit fwks: [/Library/Frameworks;/System/Library/Frameworks]


Performing C++ SOURCE FILE Test COMPILER_HAS_HIDDEN_VISIBILITY succeded with the following output:
Change Dir: /Users/theinemann/private/NRPSDesigner/NRPS library/build/CMakeFiles/CMakeTmp

Run Build Command:/usr/bin/make "cmTryCompileExec907244226/fast"
/usr/bin/make -f CMakeFiles/cmTryCompileExec907244226.dir/build.make CMakeFiles/cmTryCompileExec907244226.dir/build
"/Applications/CMake 2.8-11.app/Contents/bin/cmake" -E cmake_progress_report "/Users/theinemann/private/NRPSDesigner/NRPS library/build/CMakeFiles/CMakeTmp/CMakeFiles" 1
Building CXX object CMakeFiles/cmTryCompileExec907244226.dir/src.cxx.o
/usr/bin/c++    -std=c++11  -DCOMPILER_HAS_HIDDEN_VISIBILITY   -fvisibility=hidden -o CMakeFiles/cmTryCompileExec907244226.dir/src.cxx.o -c "/Users/theinemann/private/NRPSDesigner/NRPS library/build/CMakeFiles/CMakeTmp/src.cxx"
Linking CXX executable cmTryCompileExec907244226
"/Applications/CMake 2.8-11.app/Contents/bin/cmake" -E cmake_link_script CMakeFiles/cmTryCompileExec907244226.dir/link.txt --verbose=1
/usr/bin/c++     -std=c++11  -DCOMPILER_HAS_HIDDEN_VISIBILITY -Wl,-search_paths_first -Wl,-headerpad_max_install_names   CMakeFiles/cmTryCompileExec907244226.dir/src.cxx.o  -o cmTryCompileExec907244226  

Source file was:
int main() { return 0;}
Performing C++ SOURCE FILE Test COMPILER_HAS_HIDDEN_INLINE_VISIBILITY succeded with the following output:
Change Dir: /Users/theinemann/private/NRPSDesigner/NRPS library/build/CMakeFiles/CMakeTmp

Run Build Command:/usr/bin/make "cmTryCompileExec2060475913/fast"
/usr/bin/make -f CMakeFiles/cmTryCompileExec2060475913.dir/build.make CMakeFiles/cmTryCompileExec2060475913.dir/build
"/Applications/CMake 2.8-11.app/Contents/bin/cmake" -E cmake_progress_report "/Users/theinemann/private/NRPSDesigner/NRPS library/build/CMakeFiles/CMakeTmp/CMakeFiles" 1
Building CXX object CMakeFiles/cmTryCompileExec2060475913.dir/src.cxx.o
/usr/bin/c++    -std=c++11  -DCOMPILER_HAS_HIDDEN_INLINE_VISIBILITY   -fvisibility-inlines-hidden -o CMakeFiles/cmTryCompileExec2060475913.dir/src.cxx.o -c "/Users/theinemann/private/NRPSDesigner/NRPS library/build/CMakeFiles/CMakeTmp/src.cxx"
Linking CXX executable cmTryCompileExec2060475913
"/Applications/CMake 2.8-11.app/Contents/bin/cmake" -E cmake_link_script CMakeFiles/cmTryCompileExec2060475913.dir/link.txt --verbose=1
/usr/bin/c++     -std=c++11  -DCOMPILER_HAS_HIDDEN_INLINE_VISIBILITY -Wl,-search_paths_first -Wl,-headerpad_max_install_names   CMakeFiles/cmTryCompileExec2060475913.dir/src.cxx.o  -o cmTryCompileExec2060475913  

Source file was:
int main() { return 0;}
Performing C++ SOURCE FILE Test COMPILER_HAS_DEPRECATED_ATTR succeded with the following output:
Change Dir: /Users/theinemann/private/NRPSDesigner/NRPS library/build/CMakeFiles/CMakeTmp

Run Build Command:/usr/bin/make "cmTryCompileExec3040141474/fast"
/usr/bin/make -f CMakeFiles/cmTryCompileExec3040141474.dir/build.make CMakeFiles/cmTryCompileExec3040141474.dir/build
"/Applications/CMake 2.8-11.app/Contents/bin/cmake" -E cmake_progress_report "/Users/theinemann/private/NRPSDesigner/NRPS library/build/CMakeFiles/CMakeTmp/CMakeFiles" 1
Building CXX object CMakeFiles/cmTryCompileExec3040141474.dir/src.cxx.o
/usr/bin/c++    -std=c++11  -DCOMPILER_HAS_DEPRECATED_ATTR   -o CMakeFiles/cmTryCompileExec3040141474.dir/src.cxx.o -c "/Users/theinemann/private/NRPSDesigner/NRPS library/build/CMakeFiles/CMakeTmp/src.cxx"
/Users/theinemann/private/NRPSDesigner/NRPS library/build/CMakeFiles/CMakeTmp/src.cxx:2:25: warning: 'somefunc' is deprecated [-Wdeprecated-declarations]
    int main() { return somefunc();}
                        ^
/Users/theinemann/private/NRPSDesigner/NRPS library/build/CMakeFiles/CMakeTmp/src.cxx:1:37: note: 'somefunc' declared here
__attribute__((__deprecated__)) int somefunc() { return 0; }
                                    ^
1 warning generated.
Linking CXX executable cmTryCompileExec3040141474
"/Applications/CMake 2.8-11.app/Contents/bin/cmake" -E cmake_link_script CMakeFiles/cmTryCompileExec3040141474.dir/link.txt --verbose=1
/usr/bin/c++     -std=c++11  -DCOMPILER_HAS_DEPRECATED_ATTR -Wl,-search_paths_first -Wl,-headerpad_max_install_names   CMakeFiles/cmTryCompileExec3040141474.dir/src.cxx.o  -o cmTryCompileExec3040141474  

Source file was:
__attribute__((__deprecated__)) int somefunc() { return 0; }
    int main() { return somefunc();}
